[debug] [2025-08-17T11:13:26.554Z] ----------------------------------------------------------------------
[debug] [2025-08-17T11:13:26.556Z] Command:       C:\Program Files\nodejs\node.exe C:\Users\HP\AppData\Roaming\npm\node_modules\firebase-tools\lib\bin\firebase.js init
[debug] [2025-08-17T11:13:26.557Z] CLI Version:   14.12.1
[debug] [2025-08-17T11:13:26.557Z] Platform:      win32
[debug] [2025-08-17T11:13:26.557Z] Node Version:  v22.14.0
[debug] [2025-08-17T11:13:26.557Z] Time:          Sun Aug 17 2025 16:43:26 GMT+0530 (India Standard Time)
[debug] [2025-08-17T11:13:26.557Z] ----------------------------------------------------------------------
[debug] 
[debug] [2025-08-17T11:13:26.561Z] > command requires scopes: ["email","openid","https://www.googleapis.com/auth/cloudplatformprojects.readonly","https://www.googleapis.com/auth/firebase","https://www.googleapis.com/auth/cloud-platform"]
[debug] [2025-08-17T11:13:26.561Z] > authorizing via signed-in user (sambitkumarmohanty25@gmail.com)
[info] 
     ######## #### ########  ######## ########     ###     ######  ########
     ##        ##  ##     ## ##       ##     ##  ##   ##  ##       ##
     ######    ##  ########  ######   ########  #########  ######  ######
     ##        ##  ##    ##  ##       ##     ## ##     ##       ## ##
     ##       #### ##     ## ######## ########  ##     ##  ######  ########

You're about to initialize a Firebase project in this directory:

  C:\Users\HP\MittiSeProject

[info] 
=== Project Setup
[info] 
[info] First, let's associate this project directory with a Firebase project.
[info] You can create multiple project aliases by running firebase use --add, 
[info] but for now we'll just set up a default project.
[info] 
[debug] [2025-08-17T11:15:59.619Z] Checked if tokens are valid: true, expires at: 1755432772243
[debug] [2025-08-17T11:15:59.620Z] Checked if tokens are valid: true, expires at: 1755432772243
[debug] [2025-08-17T11:15:59.626Z] >>> [apiv2][query] GET https://firebase.googleapis.com/v1beta1/projects pageSize=100
[debug] [2025-08-17T11:16:01.143Z] <<< [apiv2][status] GET https://firebase.googleapis.com/v1beta1/projects 200
[debug] [2025-08-17T11:16:01.143Z] <<< [apiv2][body] GET https://firebase.googleapis.com/v1beta1/projects [omitted]
[info] i  Using project annular-climate-469215-m0 (Artisan's Loom) 
[info] 
=== Firestore Setup
[info] i  firestore: ensuring required API firestore.googleapis.com is enabled... 
[debug] [2025-08-17T11:16:20.501Z] Checked if tokens are valid: true, expires at: 1755432772243
[debug] [2025-08-17T11:16:20.501Z] Checked if tokens are valid: true, expires at: 1755432772243
[debug] [2025-08-17T11:16:20.502Z] >>> [apiv2][query] GET https://serviceusage.googleapis.com/v1/projects/annular-climate-469215-m0/services/firestore.googleapis.com [none]
[debug] [2025-08-17T11:16:20.502Z] >>> [apiv2][(partial)header] GET https://serviceusage.googleapis.com/v1/projects/annular-climate-469215-m0/services/firestore.googleapis.com x-goog-quota-user=projects/annular-climate-469215-m0
[debug] [2025-08-17T11:16:23.062Z] <<< [apiv2][status] GET https://serviceusage.googleapis.com/v1/projects/annular-climate-469215-m0/services/firestore.googleapis.com 200
[debug] [2025-08-17T11:16:23.063Z] <<< [apiv2][body] GET https://serviceusage.googleapis.com/v1/projects/annular-climate-469215-m0/services/firestore.googleapis.com [omitted]
[info] +  firestore: required API firestore.googleapis.com is enabled 
[debug] [2025-08-17T11:16:23.100Z] Checked if tokens are valid: true, expires at: 1755432772243
[debug] [2025-08-17T11:16:23.100Z] Checked if tokens are valid: true, expires at: 1755432772243
[debug] [2025-08-17T11:16:23.101Z] >>> [apiv2][query] GET https://firestore.googleapis.com/v1/projects/annular-climate-469215-m0/databases [none]
[debug] [2025-08-17T11:16:24.799Z] <<< [apiv2][status] GET https://firestore.googleapis.com/v1/projects/annular-climate-469215-m0/databases 200
[debug] [2025-08-17T11:16:24.800Z] <<< [apiv2][body] GET https://firestore.googleapis.com/v1/projects/annular-climate-469215-m0/databases {"databases":[{"name":"projects/annular-climate-469215-m0/databases/(default)","uid":"e1f5890f-2c34-431b-9a0c-7643e56af824","createTime":"2025-08-17T07:51:33.400174Z","updateTime":"2025-08-17T07:51:33.400174Z","locationId":"asia-south1","type":"FIRESTORE_NATIVE","concurrencyMode":"PESSIMISTIC","versionRetentionPeriod":"3600s","earliestVersionTime":"2025-08-17T10:16:24.458008Z","appEngineIntegrationMode":"DISABLED","keyPrefix":"j","pointInTimeRecoveryEnablement":"POINT_IN_TIME_RECOVERY_DISABLED","deleteProtectionState":"DELETE_PROTECTION_DISABLED","databaseEdition":"STANDARD","freeTier":true,"etag":"IJ6m8YbckY8DMO7Mo6KukY8D"}]}
[info] 
[info] Firestore Security Rules allow you to define how and when to allow
[info] requests. You can keep these rules in your project directory
[info] and publish them with firebase deploy.
[info] 
[debug] [2025-08-17T11:16:59.939Z] Checked if tokens are valid: true, expires at: 1755432772243
[debug] [2025-08-17T11:16:59.940Z] Checked if tokens are valid: true, expires at: 1755432772243
[debug] [2025-08-17T11:16:59.940Z] >>> [apiv2][query] GET https://firebaserules.googleapis.com/v1/projects/annular-climate-469215-m0/releases pageSize=10&pageToken=
[debug] [2025-08-17T11:17:02.280Z] <<< [apiv2][status] GET https://firebaserules.googleapis.com/v1/projects/annular-climate-469215-m0/releases 200
[debug] [2025-08-17T11:17:02.280Z] <<< [apiv2][body] GET https://firebaserules.googleapis.com/v1/projects/annular-climate-469215-m0/releases {"releases":[{"name":"projects/annular-climate-469215-m0/releases/cloud.firestore","rulesetName":"projects/annular-climate-469215-m0/rulesets/1a5e9eee-8102-4418-8fac-9347ef5a432e","createTime":"2025-08-17T07:51:43.551907Z","updateTime":"2025-08-17T07:51:43.551907Z"}]}
[debug] [2025-08-17T11:17:02.281Z] Checked if tokens are valid: true, expires at: 1755432772243
[debug] [2025-08-17T11:17:02.282Z] Checked if tokens are valid: true, expires at: 1755432772243
[debug] [2025-08-17T11:17:02.282Z] >>> [apiv2][query] GET https://firebaserules.googleapis.com/v1/projects/annular-climate-469215-m0/rulesets/1a5e9eee-8102-4418-8fac-9347ef5a432e [none]
[debug] [2025-08-17T11:17:02.790Z] <<< [apiv2][status] GET https://firebaserules.googleapis.com/v1/projects/annular-climate-469215-m0/rulesets/1a5e9eee-8102-4418-8fac-9347ef5a432e 200
[debug] [2025-08-17T11:17:02.791Z] <<< [apiv2][body] GET https://firebaserules.googleapis.com/v1/projects/annular-climate-469215-m0/rulesets/1a5e9eee-8102-4418-8fac-9347ef5a432e [omitted]
[info] i  Downloaded the existing Firestore Security Rules from the Firebase console 
[info] 
[info] Firestore indexes allow you to perform complex queries while
[info] maintaining performance that scales with the size of the result
[info] set. You can keep index definitions in your project directory
[info] and publish them with firebase deploy.
[info] 
[debug] [2025-08-17T11:17:30.531Z] Checked if tokens are valid: true, expires at: 1755432772243
[debug] [2025-08-17T11:17:30.532Z] Checked if tokens are valid: true, expires at: 1755432772243
[debug] [2025-08-17T11:17:30.532Z] Checked if tokens are valid: true, expires at: 1755432772243
[debug] [2025-08-17T11:17:30.533Z] Checked if tokens are valid: true, expires at: 1755432772243
[debug] [2025-08-17T11:17:30.533Z] >>> [apiv2][query] GET https://firestore.googleapis.com/v1/projects/annular-climate-469215-m0/databases/(default)/collectionGroups/-/indexes [none]
[debug] [2025-08-17T11:17:30.539Z] >>> [apiv2][query] GET https://firestore.googleapis.com/v1/projects/annular-climate-469215-m0/databases/(default)/collectionGroups/-/fields?filter=indexConfig.usesAncestorConfig=false OR ttlConfig:* [none]
[debug] [2025-08-17T11:17:31.350Z] <<< [apiv2][status] GET https://firestore.googleapis.com/v1/projects/annular-climate-469215-m0/databases/(default)/collectionGroups/-/indexes 200
[debug] [2025-08-17T11:17:31.350Z] <<< [apiv2][body] GET https://firestore.googleapis.com/v1/projects/annular-climate-469215-m0/databases/(default)/collectionGroups/-/indexes {}
[debug] [2025-08-17T11:17:31.565Z] <<< [apiv2][status] GET https://firestore.googleapis.com/v1/projects/annular-climate-469215-m0/databases/(default)/collectionGroups/-/fields?filter=indexConfig.usesAncestorConfig=false OR ttlConfig:* 200
[debug] [2025-08-17T11:17:31.565Z] <<< [apiv2][body] GET https://firestore.googleapis.com/v1/projects/annular-climate-469215-m0/databases/(default)/collectionGroups/-/fields?filter=indexConfig.usesAncestorConfig=false OR ttlConfig:* {"fields":[{"name":"projects/annular-climate-469215-m0/databases/(default)/collectionGroups/__default__/fields/*","indexConfig":{"indexes":[{"queryScope":"COLLECTION","fields":[{"fieldPath":"*","order":"ASCENDING"}],"state":"READY"},{"queryScope":"COLLECTION","fields":[{"fieldPath":"*","order":"DESCENDING"}],"state":"READY"},{"queryScope":"COLLECTION","fields":[{"fieldPath":"*","arrayConfig":"CONTAINS"}],"state":"READY"}]}}]}
[info] i  Downloaded the existing Firestore indexes from the Firebase console 
[info] +  Wrote firestore.rules 
[info] +  Wrote firestore.indexes.json 
[info] 
=== Functions Setup
[debug] [2025-08-17T11:17:32.177Z] > command requires scopes: ["email","openid","https://www.googleapis.com/auth/cloudplatformprojects.readonly","https://www.googleapis.com/auth/firebase","https://www.googleapis.com/auth/cloud-platform"]
[debug] [2025-08-17T11:17:32.178Z] > authorizing via signed-in user (sambitkumarmohanty25@gmail.com)
[debug] [2025-08-17T11:17:32.180Z] [iam] checking project annular-climate-469215-m0 for permissions ["firebase.projects.get"]
[debug] [2025-08-17T11:17:32.181Z] Checked if tokens are valid: true, expires at: 1755432772243
[debug] [2025-08-17T11:17:32.181Z] Checked if tokens are valid: true, expires at: 1755432772243
[debug] [2025-08-17T11:17:32.182Z] >>> [apiv2][query] POST https://cloudresourcemanager.googleapis.com/v1/projects/annular-climate-469215-m0:testIamPermissions [none]
[debug] [2025-08-17T11:17:32.182Z] >>> [apiv2][(partial)header] POST https://cloudresourcemanager.googleapis.com/v1/projects/annular-climate-469215-m0:testIamPermissions x-goog-quota-user=projects/annular-climate-469215-m0
[debug] [2025-08-17T11:17:32.182Z] >>> [apiv2][body] POST https://cloudresourcemanager.googleapis.com/v1/projects/annular-climate-469215-m0:testIamPermissions {"permissions":["firebase.projects.get"]}
[debug] [2025-08-17T11:17:34.024Z] <<< [apiv2][status] POST https://cloudresourcemanager.googleapis.com/v1/projects/annular-climate-469215-m0:testIamPermissions 200
[debug] [2025-08-17T11:17:34.024Z] <<< [apiv2][body] POST https://cloudresourcemanager.googleapis.com/v1/projects/annular-climate-469215-m0:testIamPermissions {"permissions":["firebase.projects.get"]}
[debug] [2025-08-17T11:17:34.026Z] Checked if tokens are valid: true, expires at: 1755432772243
[debug] [2025-08-17T11:17:34.026Z] Checked if tokens are valid: true, expires at: 1755432772243
[debug] [2025-08-17T11:17:34.027Z] Checked if tokens are valid: true, expires at: 1755432772243
[debug] [2025-08-17T11:17:34.027Z] Checked if tokens are valid: true, expires at: 1755432772243
[debug] [2025-08-17T11:17:34.028Z] >>> [apiv2][query] GET https://serviceusage.googleapis.com/v1/projects/annular-climate-469215-m0/services/cloudfunctions.googleapis.com [none]
[debug] [2025-08-17T11:17:34.028Z] >>> [apiv2][(partial)header] GET https://serviceusage.googleapis.com/v1/projects/annular-climate-469215-m0/services/cloudfunctions.googleapis.com x-goog-quota-user=projects/annular-climate-469215-m0
[debug] [2025-08-17T11:17:34.032Z] >>> [apiv2][query] GET https://serviceusage.googleapis.com/v1/projects/annular-climate-469215-m0/services/runtimeconfig.googleapis.com [none]
[debug] [2025-08-17T11:17:34.032Z] >>> [apiv2][(partial)header] GET https://serviceusage.googleapis.com/v1/projects/annular-climate-469215-m0/services/runtimeconfig.googleapis.com x-goog-quota-user=projects/annular-climate-469215-m0
[debug] [2025-08-17T11:17:36.068Z] <<< [apiv2][status] GET https://serviceusage.googleapis.com/v1/projects/annular-climate-469215-m0/services/runtimeconfig.googleapis.com 200
[debug] [2025-08-17T11:17:36.068Z] <<< [apiv2][body] GET https://serviceusage.googleapis.com/v1/projects/annular-climate-469215-m0/services/runtimeconfig.googleapis.com [omitted]
[debug] [2025-08-17T11:17:36.099Z] <<< [apiv2][status] GET https://serviceusage.googleapis.com/v1/projects/annular-climate-469215-m0/services/cloudfunctions.googleapis.com 200
[debug] [2025-08-17T11:17:36.099Z] <<< [apiv2][body] GET https://serviceusage.googleapis.com/v1/projects/annular-climate-469215-m0/services/cloudfunctions.googleapis.com [omitted]
[debug] [2025-08-17T11:17:36.100Z] Checked if tokens are valid: true, expires at: 1755432772243
[debug] [2025-08-17T11:17:36.100Z] Checked if tokens are valid: true, expires at: 1755432772243
[debug] [2025-08-17T11:17:36.100Z] >>> [apiv2][query] POST https://serviceusage.googleapis.com/v1/projects/annular-climate-469215-m0/services/cloudfunctions.googleapis.com:enable [none]
[debug] [2025-08-17T11:17:36.100Z] >>> [apiv2][(partial)header] POST https://serviceusage.googleapis.com/v1/projects/annular-climate-469215-m0/services/cloudfunctions.googleapis.com:enable x-goog-quota-user=projects/annular-climate-469215-m0
[debug] [2025-08-17T11:17:36.782Z] <<< [apiv2][status] POST https://serviceusage.googleapis.com/v1/projects/annular-climate-469215-m0/services/cloudfunctions.googleapis.com:enable 200
[debug] [2025-08-17T11:17:36.782Z] <<< [apiv2][body] POST https://serviceusage.googleapis.com/v1/projects/annular-climate-469215-m0/services/cloudfunctions.googleapis.com:enable [omitted]
[info] Let's create a new codebase for your functions.
[info] A directory corresponding to the codebase will be created in your project
[info] with sample code pre-configured.

[info] See https://firebase.google.com/docs/functions/organize-functions for
[info] more information on organizing your functions using codebases.

[info] Functions can be deployed with firebase deploy.

[info] +  Wrote functions/package.json 
[info] +  Wrote functions/.eslintrc.js 
[info] +  Wrote functions/index.js 
[info] +  Wrote functions/.gitignore 
[info] 
=== Hosting Setup
[debug] [2025-08-17T11:20:45.618Z] Checked if tokens are valid: true, expires at: 1755432772243
[debug] [2025-08-17T11:20:45.618Z] Checked if tokens are valid: true, expires at: 1755432772243
[debug] [2025-08-17T11:20:45.618Z] >>> [apiv2][query] GET https://firebase.googleapis.com/v1beta1/projects/annular-climate-469215-m0 [none]
[debug] [2025-08-17T11:20:46.839Z] <<< [apiv2][status] GET https://firebase.googleapis.com/v1beta1/projects/annular-climate-469215-m0 200
[debug] [2025-08-17T11:20:46.839Z] <<< [apiv2][body] GET https://firebase.googleapis.com/v1beta1/projects/annular-climate-469215-m0 {"projectId":"annular-climate-469215-m0","projectNumber":"300490562064","displayName":"Artisan's Loom","name":"projects/annular-climate-469215-m0","resources":{"hostingSite":"annular-climate-469215-m0"},"state":"ACTIVE","etag":"1_a255af54-80e0-4924-985b-6de739f66e5e"}
[info] 
[info] Your public directory is the folder (relative to your project directory) that
[info] will contain Hosting assets to be uploaded with firebase deploy. If you
[info] have a build process for your assets, use your build's output directory.
[info] 
